#
# There is insufficient memory for the Java Runtime Environment to continue.
# Native memory allocation (mmap) failed to map 67108864 bytes for G1 virtual space
# Possible reasons:
#   The system is out of physical RAM or swap space
#   The process is running with CompressedOops enabled, and the Java Heap may be blocking the growth of the native heap
# Possible solutions:
#   Reduce memory load on the system
#   Increase physical memory or swap space
#   Check if swap backing store is full
#   Decrease Java heap size (-Xmx/-Xms)
#   Decrease number of Java threads
#   Decrease Java thread stack sizes (-Xss)
#   Set larger code cache with -XX:ReservedCodeCacheSize=
#   JVM is running with Unscaled Compressed Oops mode in which the Java heap is
#     placed in the first 4GB address space. The Java Heap base address is the
#     maximum limit for the native heap growth. Please use -XX:HeapBaseMinAddress
#     to set the Java Heap base and to place the Java Heap above 4GB virtual address.
# This output file may be truncated or incomplete.
#
#  Out of Memory Error (os_windows.cpp:3550), pid=9772, tid=10044
#
# JRE version:  (17.0.7+8) (build )
# Java VM: Java HotSpot(TM) 64-Bit Server VM (17.0.7+8-LTS-224, mixed mode, sharing, tiered, compressed oops, compressed class ptrs, g1 gc, windows-amd64)
# No core dump will be written. Minidumps are not enabled by default on client versions of Windows
#

---------------  S U M M A R Y ------------

Command Line: -Xmx64m -Xms64m -Dorg.gradle.appname=gradlew org.gradle.wrapper.GradleWrapperMain app:installDebug -PreactNativeDevServerPort=8081

Host: Intel(R) Core(TM) i7-3667U CPU @ 2.00GHz, 4 cores, 7G,  Windows 10 , 64 bit Build 19041 (10.0.19041.2788)
Time: Tue May  9 13:41:04 2023 GMT Summer Time elapsed time: 0.043551 seconds (0d 0h 0m 0s)

---------------  T H R E A D  ---------------

Current thread (0x0000017c20544330):  JavaThread "Unknown thread" [_thread_in_vm, id=10044, stack(0x000000337fb00000,0x000000337fc00000)]

Stack: [0x000000337fb00000,0x000000337fc00000]
Native frames: (J=compiled Java code, j=interpreted, Vv=VM code, C=native code)
V  [jvm.dll+0x676a4a]
V  [jvm.dll+0x7d74f4]
V  [jvm.dll+0x7d8c9e]
V  [jvm.dll+0x7d9303]
V  [jvm.dll+0x2452c5]
V  [jvm.dll+0x6738f9]
V  [jvm.dll+0x668232]
V  [jvm.dll+0x302826]
V  [jvm.dll+0x309da6]
V  [jvm.dll+0x35952e]
V  [jvm.dll+0x35975f]
V  [jvm.dll+0x2d9a38]
V  [jvm.dll+0x2da9a4]
V  [jvm.dll+0x7a8fb1]
V  [jvm.dll+0x3670e1]
V  [jvm.dll+0x788359]
V  [jvm.dll+0x3ea5ef]
V  [jvm.dll+0x3ec071]
C  [jli.dll+0x5297]
C  [ucrtbase.dll+0x21bb2]
C  [KERNEL32.DLL+0x17604]
C  [ntdll.dll+0x526a1]


---------------  P R O C E S S  ---------------

Threads class SMR info:
_java_thread_list=0x00007ff876a14998, length=0, elements={
}

Java Threads: ( => current thread )

Other Threads:
  0x0000017c205640b0 GCTaskThread "GC Thread#0" [stack: 0x000000337fc00000,0x000000337fd00000] [id=15476]
  0x0000017c205657f0 ConcurrentGCThread "G1 Main Marker" [stack: 0x000000337fd00000,0x000000337fe00000] [id=6520]
  0x0000017c20566200 ConcurrentGCThread "G1 Conc#0" [stack: 0x000000337fe00000,0x000000337ff00000] [id=1872]

[error occurred during error reporting (printing all threads), id 0xc0000005, EXCEPTION_ACCESS_VIOLATION (0xc0000005) at pc=0x00007ff87624a697]

VM state: not at safepoint (not fully initialized)

VM Mutex/Monitor currently owned by a thread:  ([mutex/lock_event])
[0x0000017c20540a90] Heap_lock - owner thread: 0x0000017c20544330

Heap address: 0x00000000fc000000, size: 64 MB, Compressed Oops mode: 32-bit

CDS archive(s) mapped at: [0x0000000000000000-0x0000000000000000-0x0000000000000000), size 0, SharedBaseAddress: 0x0000000800000000, ArchiveRelocationMode: 0.
Narrow klass base: 0x0000000000000000, Narrow klass shift: 0, Narrow klass range: 0x0

GC Precious Log:
<Empty>

Heap:
 garbage-first heap   total 0K, used 0K [0x00000000fc000000, 0x0000000100000000)
  region size 1024K, 0 young (0K), 0 survivors (0K)

[error occurred during error reporting (printing heap information), id 0xc0000005, EXCEPTION_ACCESS_VIOLATION (0xc0000005) at pc=0x00007ff8766300b9]

GC Heap History (0 events):
No events

Deoptimization events (0 events):
No events

Classes unloaded (0 events):
No events

Classes redefined (0 events):
No events

Internal exceptions (0 events):
No events

VM Operations (0 events):
No events

Events (1 events):
Event: 0.023 Loaded shared library C:\Program Files\Java\jdk-17\bin\java.dll


Dynamic libraries:
0x00007ff79a340000 - 0x00007ff79a350000 	C:\Program Files\Java\jdk-17\bin\java.exe
0x00007ff8be5b0000 - 0x00007ff8be7a8000 	C:\WINDOWS\SYSTEM32\ntdll.dll
0x00007ff8bda70000 - 0x00007ff8bdb2f000 	C:\WINDOWS\System32\KERNEL32.DLL
0x00007ff8bbcc0000 - 0x00007ff8bbf9a000 	C:\WINDOWS\System32\KERNELBASE.dll
0x00007ff8bc0c0000 - 0x00007ff8bc1c0000 	C:\WINDOWS\System32\ucrtbase.dll
0x00007ff89ed30000 - 0x00007ff89ed4b000 	C:\Program Files\Java\jdk-17\bin\VCRUNTIME140.dll
0x00007ff8b3e50000 - 0x00007ff8b3e69000 	C:\Program Files\Java\jdk-17\bin\jli.dll
0x00007ff8bd920000 - 0x00007ff8bd9ce000 	C:\WINDOWS\System32\ADVAPI32.dll
0x00007ff8bdd20000 - 0x00007ff8bddbe000 	C:\WINDOWS\System32\msvcrt.dll
0x00007ff8bd9d0000 - 0x00007ff8bda6c000 	C:\WINDOWS\System32\sechost.dll
0x00007ff8bcb20000 - 0x00007ff8bcc46000 	C:\WINDOWS\System32\RPCRT4.dll
0x00007ff8bc970000 - 0x00007ff8bcb0d000 	C:\WINDOWS\System32\USER32.dll
0x00007ff8bc570000 - 0x00007ff8bc592000 	C:\WINDOWS\System32\win32u.dll
0x00007ff8bcfd0000 - 0x00007ff8bcffb000 	C:\WINDOWS\System32\GDI32.dll
0x00007ff8bc3d0000 - 0x00007ff8bc4e0000 	C:\WINDOWS\System32\gdi32full.dll
0x00007ff8bbfa0000 - 0x00007ff8bc03d000 	C:\WINDOWS\System32\msvcp_win.dll
0x00007ff8ab100000 - 0x00007ff8ab39a000 	C:\WINDOWS\WinSxS\amd64_microsoft.windows.common-controls_6595b64144ccf1df_6.0.19041.1110_none_60b5254171f9507e\COMCTL32.dll
0x00007ff8af640000 - 0x00007ff8af64a000 	C:\WINDOWS\SYSTEM32\VERSION.dll
0x00007ff8bcc50000 - 0x00007ff8bcc80000 	C:\WINDOWS\System32\IMM32.DLL
0x00007ff8ac9c0000 - 0x00007ff8ac9cc000 	C:\Program Files\Java\jdk-17\bin\vcruntime140_1.dll
0x00007ff87a540000 - 0x00007ff87a5ce000 	C:\Program Files\Java\jdk-17\bin\msvcp140.dll
0x00007ff875f60000 - 0x00007ff876b3d000 	C:\Program Files\Java\jdk-17\bin\server\jvm.dll
0x00007ff8bd770000 - 0x00007ff8bd778000 	C:\WINDOWS\System32\PSAPI.DLL
0x00007ff8ac120000 - 0x00007ff8ac129000 	C:\WINDOWS\SYSTEM32\WSOCK32.dll
0x00007ff8ac090000 - 0x00007ff8ac0b7000 	C:\WINDOWS\SYSTEM32\WINMM.dll
0x00007ff8bdbe0000 - 0x00007ff8bdc4b000 	C:\WINDOWS\System32\WS2_32.dll
0x00007ff8b9bb0000 - 0x00007ff8b9bc2000 	C:\WINDOWS\SYSTEM32\kernel.appcore.dll
0x00007ff8ac0e0000 - 0x00007ff8ac0ea000 	C:\Program Files\Java\jdk-17\bin\jimage.dll
0x00007ff8a8460000 - 0x00007ff8a8644000 	C:\WINDOWS\SYSTEM32\DBGHELP.DLL
0x00007ff8a8400000 - 0x00007ff8a8434000 	C:\WINDOWS\SYSTEM32\dbgcore.DLL
0x00007ff8bc4e0000 - 0x00007ff8bc562000 	C:\WINDOWS\System32\bcryptPrimitives.dll
0x00007ff8915e0000 - 0x00007ff891605000 	C:\Program Files\Java\jdk-17\bin\java.dll

dbghelp: loaded successfully - version: 4.0.5 - missing functions: none
symbol engine: initialized successfully - sym options: 0x614 - pdb path: .;C:\Program Files\Java\jdk-17\bin;C:\WINDOWS\SYSTEM32;C:\WINDOWS\WinSxS\amd64_microsoft.windows.common-controls_6595b64144ccf1df_6.0.19041.1110_none_60b5254171f9507e;C:\Program Files\Java\jdk-17\bin\server

VM Arguments:
jvm_args: -Xmx64m -Xms64m -Dorg.gradle.appname=gradlew 
java_command: org.gradle.wrapper.GradleWrapperMain app:installDebug -PreactNativeDevServerPort=8081
java_class_path (initial): C:\Users\admin\Desktop\Vendor\android\\gradle\wrapper\gradle-wrapper.jar
Launcher Type: SUN_STANDARD

[Global flags]
     intx CICompilerCount                          = 3                                         {product} {ergonomic}
     uint ConcGCThreads                            = 1                                         {product} {ergonomic}
     uint G1ConcRefinementThreads                  = 4                                         {product} {ergonomic}
   size_t G1HeapRegionSize                         = 1048576                                   {product} {ergonomic}
    uintx GCDrainStackTargetSize                   = 64                                        {product} {ergonomic}
   size_t InitialHeapSize                          = 67108864                                  {product} {command line}
   size_t MarkStackSize                            = 4194304                                   {product} {ergonomic}
   size_t MaxHeapSize                              = 67108864                                  {product} {command line}
   size_t MinHeapDeltaBytes                        = 1048576                                   {product} {ergonomic}
   size_t MinHeapSize                              = 67108864                                  {product} {command line}
    uintx NonNMethodCodeHeapSize                   = 5832780                                {pd product} {ergonomic}
    uintx NonProfiledCodeHeapSize                  = 122912730                              {pd product} {ergonomic}
    uintx ProfiledCodeHeapSize                     = 122912730                              {pd product} {ergonomic}
    uintx ReservedCodeCacheSize                    = 251658240                              {pd product} {ergonomic}
     bool SegmentedCodeCache                       = true                                      {product} {ergonomic}
   size_t SoftMaxHeapSize                          = 67108864                               {manageable} {ergonomic}
     bool UseCompressedClassPointers               = true                           {product lp64_product} {ergonomic}
     bool UseCompressedOops                        = true                           {product lp64_product} {ergonomic}
     bool UseG1GC                                  = true                                      {product} {ergonomic}
     bool UseLargePagesIndividualAllocation        = false                                  {pd product} {ergonomic}

Logging:
Log output configuration:
 #0: stdout all=warning uptime,level,tags
 #1: stderr all=off uptime,level,tags

Environment Variables:
JAVA_HOME=C:\Program Files\Java\jdk-17
CLASSPATH=C:\Users\admin\Desktop\Vendor\android\\gradle\wrapper\gradle-wrapper.jar
PATH=C:\Users\admin\Desktop\Vendor\android\node_modules\.bin;C:\Users\admin\Desktop\Vendor\node_modules\.bin;C:\Users\admin\Desktop\node_modules\.bin;C:\Users\admin\node_modules\.bin;C:\Users\node_modules\.bin;C:\node_modules\.bin;C:\Program Files\nodejs;C:\Users\admin\AppData\Local\Temp\yarn--1683636055315-0.19847265226806132;C:\Users\admin\Desktop\Vendor\node_modules\.bin;C:\Users\admin\AppData\Local\Yarn\Data\link\node_modules\.bin;C:\Users\admin\AppData\Local\Yarn\bin;C:\Program Files\libexec\lib\node_modules\npm\bin\node-gyp-bin;C:\Program Files\lib\node_modules\npm\bin\node-gyp-bin;C:\Program Files\nodejs\node_modules\npm\bin\node-gyp-bin;C:\Program Files\Common Files\Oracle\Java\javapath;C:\Program Files (x86)\Common Files\Oracle\Java\javapath;C:\Python27\;C:\Python27\Scripts;C:\Python311\Scripts\;C:\Python311\;C:\WINDOWS\system32;C:\WINDOWS;C:\WINDOWS\System32\Wbem;C:\WINDOWS\System32\WindowsPowerShell\v1.0\;C:\WINDOWS\System32\OpenSSH\;C:\ProgramData\chocolatey\bin;C:\Program Files\nodejs\;C:\Program Files\Java\jdk1.8.0_211\bin;C:\Program Files\Docker\Docker\resources\bin;C:\Program Files\Git\cmd;C:\Program Files\CMake\bin;C:\Users\admin\AppData\Local\Android\Sdk\platform-tools;C:\Users\admin\AppData\Local\Microsoft\WindowsApps;C:\Users\admin\AppData\Local\Programs\Microsoft VS Code\bin;C:\Users\admin\AppData\Roaming\npm;C:\Users\admin\AppData\Local\Android\Sdk\platform-tools;
USERNAME=admin
OS=Windows_NT
PROCESSOR_IDENTIFIER=Intel64 Family 6 Model 58 Stepping 9, GenuineIntel



---------------  S Y S T E M  ---------------

OS:
 Windows 10 , 64 bit Build 19041 (10.0.19041.2788)
OS uptime: 7 days 1:03 hours
Hyper-V role detected

CPU: total 4 (initial active 4) (2 cores per cpu, 2 threads per core) family 6 model 58 stepping 9 microcode 0x21, cx8, cmov, fxsr, ht, mmx, sse, sse2, sse3, ssse3, sse4.1, sse4.2, popcnt, tsc, tscinvbit, avx, aes, erms, clmul, vzeroupper, clflush, hv

Memory: 4k page, system-wide physical 8059M (463M free)
TotalPageFile size 19844M (AvailPageFile size 37M)
current process WorkingSet (physical memory assigned to process): 10M, peak: 10M
current process commit charge ("private bytes"): 51M, peak: 115M

vm_info: Java HotSpot(TM) 64-Bit Server VM (17.0.7+8-LTS-224) for windows-amd64 JRE (17.0.7+8-LTS-224), built on Feb 28 2023 23:03:02 by "mach5one" with MS VC++ 17.1 (VS2022)

END.
