#
# There is insufficient memory for the Java Runtime Environment to continue.
# Native memory allocation (malloc) failed to allocate 42976 bytes for Chunk::new
# Possible reasons:
#   The system is out of physical RAM or swap space
#   The process is running with CompressedOops enabled, and the Java Heap may be blocking the growth of the native heap
# Possible solutions:
#   Reduce memory load on the system
#   Increase physical memory or swap space
#   Check if swap backing store is full
#   Decrease Java heap size (-Xmx/-Xms)
#   Decrease number of Java threads
#   Decrease Java thread stack sizes (-Xss)
#   Set larger code cache with -XX:ReservedCodeCacheSize=
#   JVM is running with Unscaled Compressed Oops mode in which the Java heap is
#     placed in the first 4GB address space. The Java Heap base address is the
#     maximum limit for the native heap growth. Please use -XX:HeapBaseMinAddress
#     to set the Java Heap base and to place the Java Heap above 4GB virtual address.
# This output file may be truncated or incomplete.
#
#  Out of Memory Error (arena.cpp:189), pid=15924, tid=12360
#
# JRE version: Java(TM) SE Runtime Environment (17.0.7+8) (build 17.0.7+8-LTS-224)
# Java VM: Java HotSpot(TM) 64-Bit Server VM (17.0.7+8-LTS-224, mixed mode, sharing, tiered, compressed oops, compressed class ptrs, g1 gc, windows-amd64)
# No core dump will be written. Minidumps are not enabled by default on client versions of Windows
#

---------------  S U M M A R Y ------------

Command Line: -Xmx64m -Xms64m -Dorg.gradle.appname=gradlew org.gradle.wrapper.GradleWrapperMain app:installDebug -PreactNativeDevServerPort=8081

Host: Intel(R) Core(TM) i7-3667U CPU @ 2.00GHz, 4 cores, 7G,  Windows 10 , 64 bit Build 19041 (10.0.19041.2788)
Time: Tue May  9 13:54:49 2023 GMT Summer Time elapsed time: 0.530475 seconds (0d 0h 0m 0s)

---------------  T H R E A D  ---------------

Current thread (0x0000015cfd1e4870):  JavaThread "C2 CompilerThread0" daemon [_thread_in_native, id=12360, stack(0x0000001b2fa00000,0x0000001b2fb00000)]


Current CompileTask:
C2:    530  248 %     4       java.lang.StringLatin1::indexOfChar @ 7 (33 bytes)

Stack: [0x0000001b2fa00000,0x0000001b2fb00000]
Native frames: (J=compiled Java code, j=interpreted, Vv=VM code, C=native code)
V  [jvm.dll+0x676a4a]
V  [jvm.dll+0x7d74f4]
V  [jvm.dll+0x7d8c9e]
V  [jvm.dll+0x7d9303]
V  [jvm.dll+0x2452c5]
V  [jvm.dll+0xaaa2b]
V  [jvm.dll+0xaafcc]
V  [jvm.dll+0x2aac2f]
V  [jvm.dll+0x57f375]
V  [jvm.dll+0x2205f2]
V  [jvm.dll+0x2209cf]
V  [jvm.dll+0x219926]
V  [jvm.dll+0x216df9]
V  [jvm.dll+0x1a35e0]
V  [jvm.dll+0x226a6e]
V  [jvm.dll+0x224e15]
V  [jvm.dll+0x78d05c]
V  [jvm.dll+0x78759a]
V  [jvm.dll+0x675875]
C  [ucrtbase.dll+0x21bb2]
C  [KERNEL32.DLL+0x17604]
C  [ntdll.dll+0x526a1]


---------------  P R O C E S S  ---------------

Threads class SMR info:
_java_thread_list=0x0000015cfd2ea520, length=12, elements={
0x0000015ce4324330, 0x0000015ce43f81f0, 0x0000015ce43f9a80, 0x0000015cfd1db680,
0x0000015cfd1dd240, 0x0000015cfd1dfd00, 0x0000015cfd1e06b0, 0x0000015cfd1e4870,
0x0000015cfd1ff270, 0x0000015cfd248b90, 0x0000015cfdc289f0, 0x0000015cfdc2fb40
}

Java Threads: ( => current thread )
  0x0000015ce4324330 JavaThread "main" [_thread_in_vm, id=15848, stack(0x0000001b2ed00000,0x0000001b2ee00000)]
  0x0000015ce43f81f0 JavaThread "Reference Handler" daemon [_thread_blocked, id=1828, stack(0x0000001b2f400000,0x0000001b2f500000)]
  0x0000015ce43f9a80 JavaThread "Finalizer" daemon [_thread_blocked, id=8716, stack(0x0000001b2f500000,0x0000001b2f600000)]
  0x0000015cfd1db680 JavaThread "Signal Dispatcher" daemon [_thread_blocked, id=9032, stack(0x0000001b2f600000,0x0000001b2f700000)]
  0x0000015cfd1dd240 JavaThread "Attach Listener" daemon [_thread_blocked, id=10032, stack(0x0000001b2f700000,0x0000001b2f800000)]
  0x0000015cfd1dfd00 JavaThread "Service Thread" daemon [_thread_blocked, id=12832, stack(0x0000001b2f800000,0x0000001b2f900000)]
  0x0000015cfd1e06b0 JavaThread "Monitor Deflation Thread" daemon [_thread_blocked, id=16292, stack(0x0000001b2f900000,0x0000001b2fa00000)]
=>0x0000015cfd1e4870 JavaThread "C2 CompilerThread0" daemon [_thread_in_native, id=12360, stack(0x0000001b2fa00000,0x0000001b2fb00000)]
  0x0000015cfd1ff270 JavaThread "C1 CompilerThread0" daemon [_thread_blocked, id=9688, stack(0x0000001b2fb00000,0x0000001b2fc00000)]
  0x0000015cfd248b90 JavaThread "Sweeper thread" daemon [_thread_blocked, id=15928, stack(0x0000001b2fc00000,0x0000001b2fd00000)]
  0x0000015cfdc289f0 JavaThread "Notification Thread" daemon [_thread_blocked, id=7224, stack(0x0000001b2fd00000,0x0000001b2fe00000)]
  0x0000015cfdc2fb40 JavaThread "Common-Cleaner" daemon [_thread_blocked, id=7492, stack(0x0000001b2ff00000,0x0000001b30000000)]

Other Threads:
  0x0000015ce43f0580 VMThread "VM Thread" [stack: 0x0000001b2f300000,0x0000001b2f400000] [id=2528]
  0x0000015cfdc2d2e0 WatcherThread [stack: 0x0000001b2fe00000,0x0000001b2ff00000] [id=7908]
  0x0000015ce4344180 GCTaskThread "GC Thread#0" [stack: 0x0000001b2ee00000,0x0000001b2ef00000] [id=16092]
  0x0000015ce43458c0 ConcurrentGCThread "G1 Main Marker" [stack: 0x0000001b2ef00000,0x0000001b2f000000] [id=6696]
  0x0000015ce43462d0 ConcurrentGCThread "G1 Conc#0" [stack: 0x0000001b2f000000,0x0000001b2f100000] [id=3068]
  0x0000015ce4392600 ConcurrentGCThread "G1 Refine#0" [stack: 0x0000001b2f100000,0x0000001b2f200000] [id=10924]
  0x0000015ce4393900 ConcurrentGCThread "G1 Service" [stack: 0x0000001b2f200000,0x0000001b2f300000] [id=15328]

Threads with active compile tasks:
C2 CompilerThread0      593  248 %     4       java.lang.StringLatin1::indexOfChar @ 7 (33 bytes)

VM state: not at safepoint (normal execution)

VM Mutex/Monitor currently owned by a thread: None

Heap address: 0x00000000fc000000, size: 64 MB, Compressed Oops mode: 32-bit

CDS archive(s) mapped at: [0x0000000800000000-0x0000000800bd0000-0x0000000800bd0000), size 12386304, SharedBaseAddress: 0x0000000800000000, ArchiveRelocationMode: 0.
Compressed class space mapped at: 0x0000000800c00000-0x0000000840c00000, reserved size: 1073741824
Narrow klass base: 0x0000000800000000, Narrow klass shift: 0, Narrow klass range: 0x100000000

GC Precious Log:
 CPUs: 4 total, 4 available
 Memory: 8059M
 Large Page Support: Disabled
 NUMA Support: Disabled
 Compressed Oops: Enabled (32-bit)
 Heap Region Size: 1M
 Heap Min Capacity: 64M
 Heap Initial Capacity: 64M
 Heap Max Capacity: 64M
 Pre-touch: Disabled
 Parallel Workers: 4
 Concurrent Workers: 1
 Concurrent Refinement Workers: 4
 Periodic GC: Disabled

Heap:
 garbage-first heap   total 65536K, used 2048K [0x00000000fc000000, 0x0000000100000000)
  region size 1024K, 4 young (4096K), 0 survivors (0K)
 Metaspace       used 1341K, committed 1472K, reserved 1056768K
  class space    used 127K, committed 192K, reserved 1048576K

Heap Regions: E=young(eden), S=young(survivor), O=old, HS=humongous(starts), HC=humongous(continues), CS=collection set, F=free, OA=open archive, CA=closed archive, TAMS=top-at-mark-start (previous, next)
|   0|0x00000000fc000000, 0x00000000fc000000, 0x00000000fc100000|  0%| F|  |TAMS 0x00000000fc000000, 0x00000000fc000000| Untracked 
|   1|0x00000000fc100000, 0x00000000fc100000, 0x00000000fc200000|  0%| F|  |TAMS 0x00000000fc100000, 0x00000000fc100000| Untracked 
|   2|0x00000000fc200000, 0x00000000fc200000, 0x00000000fc300000|  0%| F|  |TAMS 0x00000000fc200000, 0x00000000fc200000| Untracked 
|   3|0x00000000fc300000, 0x00000000fc300000, 0x00000000fc400000|  0%| F|  |TAMS 0x00000000fc300000, 0x00000000fc300000| Untracked 
|   4|0x00000000fc400000, 0x00000000fc400000, 0x00000000fc500000|  0%| F|  |TAMS 0x00000000fc400000, 0x00000000fc400000| Untracked 
|   5|0x00000000fc500000, 0x00000000fc500000, 0x00000000fc600000|  0%| F|  |TAMS 0x00000000fc500000, 0x00000000fc500000| Untracked 
|   6|0x00000000fc600000, 0x00000000fc600000, 0x00000000fc700000|  0%| F|  |TAMS 0x00000000fc600000, 0x00000000fc600000| Untracked 
|   7|0x00000000fc700000, 0x00000000fc700000, 0x00000000fc800000|  0%| F|  |TAMS 0x00000000fc700000, 0x00000000fc700000| Untracked 
|   8|0x00000000fc800000, 0x00000000fc800000, 0x00000000fc900000|  0%| F|  |TAMS 0x00000000fc800000, 0x00000000fc800000| Untracked 
|   9|0x00000000fc900000, 0x00000000fc900000, 0x00000000fca00000|  0%| F|  |TAMS 0x00000000fc900000, 0x00000000fc900000| Untracked 
|  10|0x00000000fca00000, 0x00000000fca00000, 0x00000000fcb00000|  0%| F|  |TAMS 0x00000000fca00000, 0x00000000fca00000| Untracked 
|  11|0x00000000fcb00000, 0x00000000fcb00000, 0x00000000fcc00000|  0%| F|  |TAMS 0x00000000fcb00000, 0x00000000fcb00000| Untracked 
|  12|0x00000000fcc00000, 0x00000000fcc00000, 0x00000000fcd00000|  0%| F|  |TAMS 0x00000000fcc00000, 0x00000000fcc00000| Untracked 
|  13|0x00000000fcd00000, 0x00000000fcd00000, 0x00000000fce00000|  0%| F|  |TAMS 0x00000000fcd00000, 0x00000000fcd00000| Untracked 
|  14|0x00000000fce00000, 0x00000000fce00000, 0x00000000fcf00000|  0%| F|  |TAMS 0x00000000fce00000, 0x00000000fce00000| Untracked 
|  15|0x00000000fcf00000, 0x00000000fcf00000, 0x00000000fd000000|  0%| F|  |TAMS 0x00000000fcf00000, 0x00000000fcf00000| Untracked 
|  16|0x00000000fd000000, 0x00000000fd000000, 0x00000000fd100000|  0%| F|  |TAMS 0x00000000fd000000, 0x00000000fd000000| Untracked 
|  17|0x00000000fd100000, 0x00000000fd100000, 0x00000000fd200000|  0%| F|  |TAMS 0x00000000fd100000, 0x00000000fd100000| Untracked 
|  18|0x00000000fd200000, 0x00000000fd200000, 0x00000000fd300000|  0%| F|  |TAMS 0x00000000fd200000, 0x00000000fd200000| Untracked 
|  19|0x00000000fd300000, 0x00000000fd300000, 0x00000000fd400000|  0%| F|  |TAMS 0x00000000fd300000, 0x00000000fd300000| Untracked 
|  20|0x00000000fd400000, 0x00000000fd400000, 0x00000000fd500000|  0%| F|  |TAMS 0x00000000fd400000, 0x00000000fd400000| Untracked 
|  21|0x00000000fd500000, 0x00000000fd500000, 0x00000000fd600000|  0%| F|  |TAMS 0x00000000fd500000, 0x00000000fd500000| Untracked 
|  22|0x00000000fd600000, 0x00000000fd600000, 0x00000000fd700000|  0%| F|  |TAMS 0x00000000fd600000, 0x00000000fd600000| Untracked 
|  23|0x00000000fd700000, 0x00000000fd700000, 0x00000000fd800000|  0%| F|  |TAMS 0x00000000fd700000, 0x00000000fd700000| Untracked 
|  24|0x00000000fd800000, 0x00000000fd800000, 0x00000000fd900000|  0%| F|  |TAMS 0x00000000fd800000, 0x00000000fd800000| Untracked 
|  25|0x00000000fd900000, 0x00000000fd900000, 0x00000000fda00000|  0%| F|  |TAMS 0x00000000fd900000, 0x00000000fd900000| Untracked 
|  26|0x00000000fda00000, 0x00000000fda00000, 0x00000000fdb00000|  0%| F|  |TAMS 0x00000000fda00000, 0x00000000fda00000| Untracked 
|  27|0x00000000fdb00000, 0x00000000fdb00000, 0x00000000fdc00000|  0%| F|  |TAMS 0x00000000fdb00000, 0x00000000fdb00000| Untracked 
|  28|0x00000000fdc00000, 0x00000000fdc00000, 0x00000000fdd00000|  0%| F|  |TAMS 0x00000000fdc00000, 0x00000000fdc00000| Untracked 
|  29|0x00000000fdd00000, 0x00000000fdd00000, 0x00000000fde00000|  0%| F|  |TAMS 0x00000000fdd00000, 0x00000000fdd00000| Untracked 
|  30|0x00000000fde00000, 0x00000000fde00000, 0x00000000fdf00000|  0%| F|  |TAMS 0x00000000fde00000, 0x00000000fde00000| Untracked 
|  31|0x00000000fdf00000, 0x00000000fdf00000, 0x00000000fe000000|  0%| F|  |TAMS 0x00000000fdf00000, 0x00000000fdf00000| Untracked 
|  32|0x00000000fe000000, 0x00000000fe000000, 0x00000000fe100000|  0%| F|  |TAMS 0x00000000fe000000, 0x00000000fe000000| Untracked 
|  33|0x00000000fe100000, 0x00000000fe100000, 0x00000000fe200000|  0%| F|  |TAMS 0x00000000fe100000, 0x00000000fe100000| Untracked 
|  34|0x00000000fe200000, 0x00000000fe200000, 0x00000000fe300000|  0%| F|  |TAMS 0x00000000fe200000, 0x00000000fe200000| Untracked 
|  35|0x00000000fe300000, 0x00000000fe300000, 0x00000000fe400000|  0%| F|  |TAMS 0x00000000fe300000, 0x00000000fe300000| Untracked 
|  36|0x00000000fe400000, 0x00000000fe400000, 0x00000000fe500000|  0%| F|  |TAMS 0x00000000fe400000, 0x00000000fe400000| Untracked 
|  37|0x00000000fe500000, 0x00000000fe500000, 0x00000000fe600000|  0%| F|  |TAMS 0x00000000fe500000, 0x00000000fe500000| Untracked 
|  38|0x00000000fe600000, 0x00000000fe600000, 0x00000000fe700000|  0%| F|  |TAMS 0x00000000fe600000, 0x00000000fe600000| Untracked 
|  39|0x00000000fe700000, 0x00000000fe700000, 0x00000000fe800000|  0%| F|  |TAMS 0x00000000fe700000, 0x00000000fe700000| Untracked 
|  40|0x00000000fe800000, 0x00000000fe800000, 0x00000000fe900000|  0%| F|  |TAMS 0x00000000fe800000, 0x00000000fe800000| Untracked 
|  41|0x00000000fe900000, 0x00000000fe900000, 0x00000000fea00000|  0%| F|  |TAMS 0x00000000fe900000, 0x00000000fe900000| Untracked 
|  42|0x00000000fea00000, 0x00000000fea00000, 0x00000000feb00000|  0%| F|  |TAMS 0x00000000fea00000, 0x00000000fea00000| Untracked 
|  43|0x00000000feb00000, 0x00000000feb00000, 0x00000000fec00000|  0%| F|  |TAMS 0x00000000feb00000, 0x00000000feb00000| Untracked 
|  44|0x00000000fec00000, 0x00000000fec00000, 0x00000000fed00000|  0%| F|  |TAMS 0x00000000fec00000, 0x00000000fec00000| Untracked 
|  45|0x00000000fed00000, 0x00000000fed00000, 0x00000000fee00000|  0%| F|  |TAMS 0x00000000fed00000, 0x00000000fed00000| Untracked 
|  46|0x00000000fee00000, 0x00000000fee00000, 0x00000000fef00000|  0%| F|  |TAMS 0x00000000fee00000, 0x00000000fee00000| Untracked 
|  47|0x00000000fef00000, 0x00000000fef00000, 0x00000000ff000000|  0%| F|  |TAMS 0x00000000fef00000, 0x00000000fef00000| Untracked 
|  48|0x00000000ff000000, 0x00000000ff000000, 0x00000000ff100000|  0%| F|  |TAMS 0x00000000ff000000, 0x00000000ff000000| Untracked 
|  49|0x00000000ff100000, 0x00000000ff100000, 0x00000000ff200000|  0%| F|  |TAMS 0x00000000ff100000, 0x00000000ff100000| Untracked 
|  50|0x00000000ff200000, 0x00000000ff200000, 0x00000000ff300000|  0%| F|  |TAMS 0x00000000ff200000, 0x00000000ff200000| Untracked 
|  51|0x00000000ff300000, 0x00000000ff300000, 0x00000000ff400000|  0%| F|  |TAMS 0x00000000ff300000, 0x00000000ff300000| Untracked 
|  52|0x00000000ff400000, 0x00000000ff400000, 0x00000000ff500000|  0%| F|  |TAMS 0x00000000ff400000, 0x00000000ff400000| Untracked 
|  53|0x00000000ff500000, 0x00000000ff500000, 0x00000000ff600000|  0%| F|  |TAMS 0x00000000ff500000, 0x00000000ff500000| Untracked 
|  54|0x00000000ff600000, 0x00000000ff600000, 0x00000000ff700000|  0%| F|  |TAMS 0x00000000ff600000, 0x00000000ff600000| Untracked 
|  55|0x00000000ff700000, 0x00000000ff700000, 0x00000000ff800000|  0%| F|  |TAMS 0x00000000ff700000, 0x00000000ff700000| Untracked 
|  56|0x00000000ff800000, 0x00000000ff800000, 0x00000000ff900000|  0%| F|  |TAMS 0x00000000ff800000, 0x00000000ff800000| Untracked 
|  57|0x00000000ff900000, 0x00000000ff900000, 0x00000000ffa00000|  0%| F|  |TAMS 0x00000000ff900000, 0x00000000ff900000| Untracked 
|  58|0x00000000ffa00000, 0x00000000ffa00000, 0x00000000ffb00000|  0%| F|  |TAMS 0x00000000ffa00000, 0x00000000ffa00000| Untracked 
|  59|0x00000000ffb00000, 0x00000000ffb00000, 0x00000000ffc00000|  0%| F|  |TAMS 0x00000000ffb00000, 0x00000000ffb00000| Untracked 
|  60|0x00000000ffc00000, 0x00000000ffc3cad0, 0x00000000ffd00000| 23%| E|  |TAMS 0x00000000ffc00000, 0x00000000ffc00000| Complete 
|  61|0x00000000ffd00000, 0x00000000ffe00000, 0x00000000ffe00000|100%| E|  |TAMS 0x00000000ffd00000, 0x00000000ffd00000| Complete 
|  62|0x00000000ffe00000, 0x00000000fff00000, 0x00000000fff00000|100%| E|CS|TAMS 0x00000000ffe00000, 0x00000000ffe00000| Complete 
|  63|0x00000000fff00000, 0x0000000100000000, 0x0000000100000000|100%| E|CS|TAMS 0x00000000fff00000, 0x00000000fff00000| Complete 

Card table byte_map: [0x0000015ce4170000,0x0000015ce4190000] _byte_map_base: 0x0000015ce3990000

Marking Bits (Prev, Next): (CMBitMap*) 0x0000015ce4344790, (CMBitMap*) 0x0000015ce43447d0
 Prev Bits: [0x0000015ce41b0000, 0x0000015ce42b0000)
 Next Bits: [0x0000015cfabb0000, 0x0000015cfacb0000)

Polling page: 0x0000015ce3b00000

Metaspace:

Usage:
  Non-class:      1.19 MB used.
      Class:    127.52 KB used.
       Both:      1.31 MB used.

Virtual space:
  Non-class space:        8.00 MB reserved,       1.25 MB ( 16%) committed,  1 nodes.
      Class space:        1.00 GB reserved,     192.00 KB ( <1%) committed,  1 nodes.
             Both:        1.01 GB reserved,       1.44 MB ( <1%) committed. 

Chunk freelists:
   Non-Class:  3.85 MB
       Class:  3.72 MB
        Both:  7.57 MB

MaxMetaspaceSize: unlimited
CompressedClassSpaceSize: 1.00 GB
Initial GC threshold: 21.00 MB
Current GC threshold: 21.00 MB
CDS: on
MetaspaceReclaimPolicy: balanced
 - commit_granule_bytes: 65536.
 - commit_granule_words: 8192.
 - virtual_space_node_default_size: 1048576.
 - enlarge_chunks_in_place: 1.
 - new_chunks_are_fully_committed: 0.
 - uncommit_free_chunks: 1.
 - use_allocation_guard: 0.
 - handle_deallocations: 1.


Internal statistics:

num_allocs_failed_limit: 0.
num_arena_births: 8.
num_arena_deaths: 0.
num_vsnodes_births: 2.
num_vsnodes_deaths: 0.
num_space_committed: 23.
num_space_uncommitted: 0.
num_chunks_returned_to_freelist: 0.
num_chunks_taken_from_freelist: 25.
num_chunk_merges: 0.
num_chunk_splits: 11.
num_chunks_enlarged: 9.
num_purges: 0.
num_inconsistent_stats: 0.

CodeHeap 'non-profiled nmethods': size=120000Kb used=58Kb max_used=58Kb free=119941Kb
 bounds [0x0000015cf3680000, 0x0000015cf38f0000, 0x0000015cfabb0000]
CodeHeap 'profiled nmethods': size=120000Kb used=381Kb max_used=381Kb free=119618Kb
 bounds [0x0000015cebbb0000, 0x0000015cebe20000, 0x0000015cf30e0000]
CodeHeap 'non-nmethods': size=5760Kb used=1121Kb max_used=1134Kb free=4639Kb
 bounds [0x0000015cf30e0000, 0x0000015cf3350000, 0x0000015cf3680000]
 total_blobs=651 nmethods=251 adapters=313
 compilation: enabled
              stopped_count=0, restarted_count=0
 full_count=0

Compilation events (20 events):
Event: 0.504 Thread 0x0000015cfd1ff270 nmethod 238 0x0000015cebc07d90 code [0x0000015cebc07f20, 0x0000015cebc080d8]
Event: 0.504 Thread 0x0000015cfd1ff270  239       3       java.util.zip.ZipUtils::CENEXT (9 bytes)
Event: 0.504 Thread 0x0000015cfd1ff270 nmethod 239 0x0000015cebc08210 code [0x0000015cebc083a0, 0x0000015cebc08558]
Event: 0.504 Thread 0x0000015cfd1ff270  240   !   3       java.util.zip.ZipFile$Source::checkAndAddEntry (209 bytes)
Event: 0.507 Thread 0x0000015cfd1ff270 nmethod 240 0x0000015cebc08690 code [0x0000015cebc08a00, 0x0000015cebc09da8]
Event: 0.507 Thread 0x0000015cfd1ff270  241       3       java.util.zip.ZipUtils::CENSIG (8 bytes)
Event: 0.507 Thread 0x0000015cfd1ff270 nmethod 241 0x0000015cebc0a910 code [0x0000015cebc0aac0, 0x0000015cebc0ad98]
Event: 0.507 Thread 0x0000015cfd1ff270  243       3       java.util.zip.ZipFile$Source::isMetaName (141 bytes)
Event: 0.508 Thread 0x0000015cfd1ff270 nmethod 243 0x0000015cebc0af10 code [0x0000015cebc0b0c0, 0x0000015cebc0b5d8]
Event: 0.508 Thread 0x0000015cfd1ff270  244       3       java.util.zip.ZipFile$Source::nextEntryPos (22 bytes)
Event: 0.509 Thread 0x0000015cfd1ff270 nmethod 244 0x0000015cebc0b790 code [0x0000015cebc0b940, 0x0000015cebc0bc78]
Event: 0.509 Thread 0x0000015cfd1ff270  245       1       java.net.URL::getProtocol (5 bytes)
Event: 0.509 Thread 0x0000015cfd1ff270 nmethod 245 0x0000015cf368e290 code [0x0000015cf368e420, 0x0000015cf368e4f8]
Event: 0.509 Thread 0x0000015cfd1ff270  242       3       java.util.zip.ZipUtils::CENFLG (9 bytes)
Event: 0.509 Thread 0x0000015cfd1ff270 nmethod 242 0x0000015cebc0be10 code [0x0000015cebc0bfa0, 0x0000015cebc0c158]
Event: 0.510 Thread 0x0000015cfd1ff270  246       3       java.lang.StringLatin1::toLowerCase (186 bytes)
Event: 0.512 Thread 0x0000015cfd1e4870  248 %     4       java.lang.StringLatin1::indexOfChar @ 7 (33 bytes)
Event: 0.512 Thread 0x0000015cfd1ff270 nmethod 246 0x0000015cebc0c290 code [0x0000015cebc0c500, 0x0000015cebc0d058]
Event: 0.512 Thread 0x0000015cfd1ff270  247       3       java.lang.String::startsWith (138 bytes)
Event: 0.514 Thread 0x0000015cfd1ff270 nmethod 247 0x0000015cebc0d490 code [0x0000015cebc0d6a0, 0x0000015cebc0df38]

GC Heap History (0 events):
No events

Deoptimization events (0 events):
No events

Classes unloaded (0 events):
No events

Classes redefined (0 events):
No events

Internal exceptions (0 events):
No events

VM Operations (2 events):
Event: 0.227 Executing VM operation: HandshakeAllThreads
Event: 0.227 Executing VM operation: HandshakeAllThreads done

Events (20 events):
Event: 0.452 loading class sun/nio/ch/FileLockImpl done
Event: 0.453 loading class sun/nio/ch/NativeThread
Event: 0.453 loading class sun/nio/ch/NativeThread done
Event: 0.453 loading class sun/nio/ch/FileLockTable
Event: 0.453 loading class sun/nio/ch/FileLockTable done
Event: 0.453 loading class sun/nio/ch/FileKey
Event: 0.454 loading class sun/nio/ch/FileKey done
Event: 0.454 loading class sun/nio/ch/FileLockTable$FileLockReference
Event: 0.454 loading class sun/nio/ch/FileLockTable$FileLockReference done
Event: 0.497 loading class java/net/URLClassLoader$1
Event: 0.497 loading class java/net/URLClassLoader$1 done
Event: 0.512 loading class sun/net/www/protocol/file/FileURLConnection
Event: 0.513 loading class sun/net/www/URLConnection
Event: 0.513 loading class java/net/URLConnection
Event: 0.514 loading class java/net/URLConnection done
Event: 0.515 loading class sun/net/www/URLConnection done
Event: 0.515 loading class sun/net/www/protocol/file/FileURLConnection done
Event: 0.515 loading class sun/net/www/MessageHeader
Event: 0.516 loading class sun/net/www/MessageHeader done
Event: 0.516 loading class java/io/FilePermission$1


Dynamic libraries:
0x00007ff79a340000 - 0x00007ff79a350000 	C:\Program Files\Java\jdk-17\bin\java.exe
0x00007ff8be5b0000 - 0x00007ff8be7a8000 	C:\WINDOWS\SYSTEM32\ntdll.dll
0x00007ff8bda70000 - 0x00007ff8bdb2f000 	C:\WINDOWS\System32\KERNEL32.DLL
0x00007ff8bbcc0000 - 0x00007ff8bbf9a000 	C:\WINDOWS\System32\KERNELBASE.dll
0x00007ff8bc0c0000 - 0x00007ff8bc1c0000 	C:\WINDOWS\System32\ucrtbase.dll
0x00007ff89ed30000 - 0x00007ff89ed4b000 	C:\Program Files\Java\jdk-17\bin\VCRUNTIME140.dll
0x00007ff8b3e50000 - 0x00007ff8b3e69000 	C:\Program Files\Java\jdk-17\bin\jli.dll
0x00007ff8bd920000 - 0x00007ff8bd9ce000 	C:\WINDOWS\System32\ADVAPI32.dll
0x00007ff8bdd20000 - 0x00007ff8bddbe000 	C:\WINDOWS\System32\msvcrt.dll
0x00007ff8bd9d0000 - 0x00007ff8bda6c000 	C:\WINDOWS\System32\sechost.dll
0x00007ff8bcb20000 - 0x00007ff8bcc46000 	C:\WINDOWS\System32\RPCRT4.dll
0x00007ff8bc970000 - 0x00007ff8bcb0d000 	C:\WINDOWS\System32\USER32.dll
0x00007ff8bc570000 - 0x00007ff8bc592000 	C:\WINDOWS\System32\win32u.dll
0x00007ff8bcfd0000 - 0x00007ff8bcffb000 	C:\WINDOWS\System32\GDI32.dll
0x00007ff8bc3d0000 - 0x00007ff8bc4e0000 	C:\WINDOWS\System32\gdi32full.dll
0x00007ff8bbfa0000 - 0x00007ff8bc03d000 	C:\WINDOWS\System32\msvcp_win.dll
0x00007ff8ab100000 - 0x00007ff8ab39a000 	C:\WINDOWS\WinSxS\amd64_microsoft.windows.common-controls_6595b64144ccf1df_6.0.19041.1110_none_60b5254171f9507e\COMCTL32.dll
0x00007ff8af640000 - 0x00007ff8af64a000 	C:\WINDOWS\SYSTEM32\VERSION.dll
0x00007ff8bcc50000 - 0x00007ff8bcc80000 	C:\WINDOWS\System32\IMM32.DLL
0x00007ff8ac9c0000 - 0x00007ff8ac9cc000 	C:\Program Files\Java\jdk-17\bin\vcruntime140_1.dll
0x00007ff87a540000 - 0x00007ff87a5ce000 	C:\Program Files\Java\jdk-17\bin\msvcp140.dll
0x00007ff875f60000 - 0x00007ff876b3d000 	C:\Program Files\Java\jdk-17\bin\server\jvm.dll
0x00007ff8bd770000 - 0x00007ff8bd778000 	C:\WINDOWS\System32\PSAPI.DLL
0x00007ff8ac120000 - 0x00007ff8ac129000 	C:\WINDOWS\SYSTEM32\WSOCK32.dll
0x00007ff8bdbe0000 - 0x00007ff8bdc4b000 	C:\WINDOWS\System32\WS2_32.dll
0x00007ff8ac090000 - 0x00007ff8ac0b7000 	C:\WINDOWS\SYSTEM32\WINMM.dll
0x00007ff8b9bb0000 - 0x00007ff8b9bc2000 	C:\WINDOWS\SYSTEM32\kernel.appcore.dll
0x00007ff8ac0e0000 - 0x00007ff8ac0ea000 	C:\Program Files\Java\jdk-17\bin\jimage.dll
0x00007ff8a8460000 - 0x00007ff8a8644000 	C:\WINDOWS\SYSTEM32\DBGHELP.DLL
0x00007ff8a8400000 - 0x00007ff8a8434000 	C:\WINDOWS\SYSTEM32\dbgcore.DLL
0x00007ff8bc4e0000 - 0x00007ff8bc562000 	C:\WINDOWS\System32\bcryptPrimitives.dll
0x00007ff8915e0000 - 0x00007ff891605000 	C:\Program Files\Java\jdk-17\bin\java.dll
0x00007ff877e80000 - 0x00007ff877f57000 	C:\Program Files\Java\jdk-17\bin\jsvml.dll
0x00007ff8bddc0000 - 0x00007ff8be504000 	C:\WINDOWS\System32\SHELL32.dll
0x00007ff8b9d40000 - 0x00007ff8ba4d3000 	C:\WINDOWS\SYSTEM32\windows.storage.dll
0x00007ff8bc610000 - 0x00007ff8bc964000 	C:\WINDOWS\System32\combase.dll
0x00007ff8bb640000 - 0x00007ff8bb66e000 	C:\WINDOWS\SYSTEM32\Wldp.dll
0x00007ff8bdb30000 - 0x00007ff8bdbdd000 	C:\WINDOWS\System32\SHCORE.dll
0x00007ff8bd680000 - 0x00007ff8bd6d5000 	C:\WINDOWS\System32\shlwapi.dll
0x00007ff8bbc00000 - 0x00007ff8bbc1f000 	C:\WINDOWS\SYSTEM32\profapi.dll
0x00007ff893520000 - 0x00007ff893539000 	C:\Program Files\Java\jdk-17\bin\net.dll
0x00007ff8b2090000 - 0x00007ff8b219a000 	C:\WINDOWS\SYSTEM32\WINHTTP.dll
0x00007ff8bb420000 - 0x00007ff8bb48a000 	C:\WINDOWS\system32\mswsock.dll
0x00007ff890540000 - 0x00007ff890556000 	C:\Program Files\Java\jdk-17\bin\nio.dll
0x00007ff88b0e0000 - 0x00007ff88b0f8000 	C:\Program Files\Java\jdk-17\bin\zip.dll

dbghelp: loaded successfully - version: 4.0.5 - missing functions: none
symbol engine: initialized successfully - sym options: 0x614 - pdb path: .;C:\Program Files\Java\jdk-17\bin;C:\WINDOWS\SYSTEM32;C:\WINDOWS\WinSxS\amd64_microsoft.windows.common-controls_6595b64144ccf1df_6.0.19041.1110_none_60b5254171f9507e;C:\Program Files\Java\jdk-17\bin\server

VM Arguments:
jvm_args: -Xmx64m -Xms64m -Dorg.gradle.appname=gradlew 
java_command: org.gradle.wrapper.GradleWrapperMain app:installDebug -PreactNativeDevServerPort=8081
java_class_path (initial): C:\Users\admin\Desktop\Vendor\android\\gradle\wrapper\gradle-wrapper.jar
Launcher Type: SUN_STANDARD

[Global flags]
     intx CICompilerCount                          = 3                                         {product} {ergonomic}
     uint ConcGCThreads                            = 1                                         {product} {ergonomic}
     uint G1ConcRefinementThreads                  = 4                                         {product} {ergonomic}
   size_t G1HeapRegionSize                         = 1048576                                   {product} {ergonomic}
    uintx GCDrainStackTargetSize                   = 64                                        {product} {ergonomic}
   size_t InitialHeapSize                          = 67108864                                  {product} {command line}
   size_t MarkStackSize                            = 4194304                                   {product} {ergonomic}
   size_t MaxHeapSize                              = 67108864                                  {product} {command line}
   size_t MaxNewSize                               = 39845888                                  {product} {ergonomic}
   size_t MinHeapDeltaBytes                        = 1048576                                   {product} {ergonomic}
   size_t MinHeapSize                              = 67108864                                  {product} {command line}
    uintx NonNMethodCodeHeapSize                   = 5832780                                {pd product} {ergonomic}
    uintx NonProfiledCodeHeapSize                  = 122912730                              {pd product} {ergonomic}
    uintx ProfiledCodeHeapSize                     = 122912730                              {pd product} {ergonomic}
    uintx ReservedCodeCacheSize                    = 251658240                              {pd product} {ergonomic}
     bool SegmentedCodeCache                       = true                                      {product} {ergonomic}
   size_t SoftMaxHeapSize                          = 67108864                               {manageable} {ergonomic}
     bool UseCompressedClassPointers               = true                           {product lp64_product} {ergonomic}
     bool UseCompressedOops                        = true                           {product lp64_product} {ergonomic}
     bool UseG1GC                                  = true                                      {product} {ergonomic}
     bool UseLargePagesIndividualAllocation        = false                                  {pd product} {ergonomic}

Logging:
Log output configuration:
 #0: stdout all=warning uptime,level,tags
 #1: stderr all=off uptime,level,tags

Environment Variables:
JAVA_HOME=C:\Program Files\Java\jdk-17
CLASSPATH=C:\Users\admin\Desktop\Vendor\android\\gradle\wrapper\gradle-wrapper.jar
PATH=C:\Users\admin\Desktop\Vendor\android\node_modules\.bin;C:\Users\admin\Desktop\Vendor\node_modules\.bin;C:\Users\admin\Desktop\node_modules\.bin;C:\Users\admin\node_modules\.bin;C:\Users\node_modules\.bin;C:\node_modules\.bin;C:\Program Files\nodejs;C:\Users\admin\AppData\Local\Temp\yarn--1683636880300-0.9706849088145388;C:\Users\admin\Desktop\Vendor\node_modules\.bin;C:\Users\admin\AppData\Local\Yarn\Data\link\node_modules\.bin;C:\Users\admin\AppData\Local\Yarn\bin;C:\Program Files\libexec\lib\node_modules\npm\bin\node-gyp-bin;C:\Program Files\lib\node_modules\npm\bin\node-gyp-bin;C:\Program Files\nodejs\node_modules\npm\bin\node-gyp-bin;C:\Program Files\Common Files\Oracle\Java\javapath;C:\Program Files (x86)\Common Files\Oracle\Java\javapath;C:\Python27\;C:\Python27\Scripts;C:\Python311\Scripts\;C:\Python311\;C:\WINDOWS\system32;C:\WINDOWS;C:\WINDOWS\System32\Wbem;C:\WINDOWS\System32\WindowsPowerShell\v1.0\;C:\WINDOWS\System32\OpenSSH\;C:\ProgramData\chocolatey\bin;C:\Program Files\nodejs\;C:\Program Files\Java\jdk1.8.0_211\bin;C:\Program Files\Docker\Docker\resources\bin;C:\Program Files\Git\cmd;C:\Program Files\CMake\bin;C:\Users\admin\AppData\Local\Android\Sdk\platform-tools;C:\Users\admin\AppData\Local\Microsoft\WindowsApps;C:\Users\admin\AppData\Local\Programs\Microsoft VS Code\bin;C:\Users\admin\AppData\Roaming\npm;C:\Users\admin\AppData\Local\Android\Sdk\platform-tools;
USERNAME=admin
OS=Windows_NT
PROCESSOR_IDENTIFIER=Intel64 Family 6 Model 58 Stepping 9, GenuineIntel



---------------  S Y S T E M  ---------------

OS:
 Windows 10 , 64 bit Build 19041 (10.0.19041.2788)
OS uptime: 7 days 1:17 hours
Hyper-V role detected

CPU: total 4 (initial active 4) (2 cores per cpu, 2 threads per core) family 6 model 58 stepping 9 microcode 0x21, cx8, cmov, fxsr, ht, mmx, sse, sse2, sse3, ssse3, sse4.1, sse4.2, popcnt, tsc, tscinvbit, avx, aes, erms, clmul, vzeroupper, clflush, hv

Memory: 4k page, system-wide physical 8059M (438M free)
TotalPageFile size 19844M (AvailPageFile size 0M)
current process WorkingSet (physical memory assigned to process): 34M, peak: 34M
current process commit charge ("private bytes"): 136M, peak: 136M

vm_info: Java HotSpot(TM) 64-Bit Server VM (17.0.7+8-LTS-224) for windows-amd64 JRE (17.0.7+8-LTS-224), built on Feb 28 2023 23:03:02 by "mach5one" with MS VC++ 17.1 (VS2022)

END.
